<?xml version="1.0" encoding="UTF-8"?>
<coverage generated="1539940227982" clover="3.2.0">
  <project timestamp="1539940227983" name="All files">
    <metrics statements="160" coveredstatements="57" conditionals="73" coveredconditionals="19" methods="79" coveredmethods="14" elements="312" coveredelements="90" complexity="0" loc="160" ncloc="160" packages="8" files="24" classes="24">
      <package name="PIMM">
        <metrics statements="17" coveredstatements="9" conditionals="10" coveredconditionals="7" methods="7" coveredmethods="5"/>
        <file name="App.js" path="/Users/ingviun/VSCode/webutvikling/Prosjekt 3/it2810-webutvikling-h18-prosjekt-3-01/PIMM/App.js">
          <metrics statements="17" coveredstatements="9" conditionals="10" coveredconditionals="7" methods="7" coveredmethods="5"/>
          <line num="9" count="2" type="stmt"/>
          <line num="12" count="0" type="cond" truecount="0" falsecount="2"/>
          <line num="13" count="0" type="stmt"/>
          <line num="20" count="0" type="stmt"/>
          <line num="27" count="0" type="stmt"/>
          <line num="35" count="0" type="stmt"/>
          <line num="36" count="0" type="stmt"/>
          <line num="45" count="2" type="stmt"/>
          <line num="46" count="2" type="cond" truecount="1" falsecount="1"/>
          <line num="47" count="0" type="stmt"/>
          <line num="52" count="3" type="cond" truecount="4" falsecount="0"/>
          <line num="53" count="1" type="stmt"/>
          <line num="61" count="2" type="stmt"/>
          <line num="73" count="1" type="stmt"/>
          <line num="91" count="0" type="stmt"/>
          <line num="95" count="1" type="stmt"/>
          <line num="99" count="1" type="stmt"/>
        </file>
      </package>
      <package name="PIMM.assets.fonts">
        <metrics statements="1" coveredstatements="1" conditionals="0" coveredconditionals="0" methods="0" coveredmethods="0"/>
        <file name="SpaceMono-Regular.ttf" path="/Users/ingviun/VSCode/webutvikling/Prosjekt 3/it2810-webutvikling-h18-prosjekt-3-01/PIMM/assets/fonts/SpaceMono-Regular.ttf">
          <metrics statements="1" coveredstatements="1" conditionals="0" coveredconditionals="0" methods="0" coveredmethods="0"/>
          <line num="1" count="1" type="stmt"/>
        </file>
      </package>
      <package name="PIMM.assets.images">
        <metrics statements="2" coveredstatements="2" conditionals="0" coveredconditionals="0" methods="0" coveredmethods="0"/>
        <file name="robot-dev.png" path="/Users/ingviun/VSCode/webutvikling/Prosjekt 3/it2810-webutvikling-h18-prosjekt-3-01/PIMM/assets/images/robot-dev.png">
          <metrics statements="1" coveredstatements="1" conditionals="0" coveredconditionals="0" methods="0" coveredmethods="0"/>
          <line num="1" count="1" type="stmt"/>
        </file>
        <file name="robot-prod.png" path="/Users/ingviun/VSCode/webutvikling/Prosjekt 3/it2810-webutvikling-h18-prosjekt-3-01/PIMM/assets/images/robot-prod.png">
          <metrics statements="1" coveredstatements="1" conditionals="0" coveredconditionals="0" methods="0" coveredmethods="0"/>
          <line num="1" count="1" type="stmt"/>
        </file>
      </package>
      <package name="PIMM.components">
        <metrics statements="31" coveredstatements="14" conditionals="26" coveredconditionals="3" methods="14" coveredmethods="3"/>
        <file name="CategorisedTasks.js" path="/Users/ingviun/VSCode/webutvikling/Prosjekt 3/it2810-webutvikling-h18-prosjekt-3-01/PIMM/components/CategorisedTasks.js">
          <metrics statements="4" coveredstatements="2" conditionals="4" coveredconditionals="0" methods="2" coveredmethods="0"/>
          <line num="14" count="1" type="stmt"/>
          <line num="22" count="0" type="stmt"/>
          <line num="35" count="0" type="stmt"/>
          <line num="46" count="1" type="stmt"/>
        </file>
        <file name="ProgressBar.js" path="/Users/ingviun/VSCode/webutvikling/Prosjekt 3/it2810-webutvikling-h18-prosjekt-3-01/PIMM/components/ProgressBar.js">
          <metrics statements="11" coveredstatements="2" conditionals="2" coveredconditionals="0" methods="4" coveredmethods="0"/>
          <line num="7" count="0" type="stmt"/>
          <line num="11" count="0" type="stmt"/>
          <line num="18" count="0" type="cond" truecount="0" falsecount="2"/>
          <line num="19" count="0" type="stmt"/>
          <line num="34" count="0" type="stmt"/>
          <line num="36" count="0" type="stmt"/>
          <line num="42" count="0" type="stmt"/>
          <line num="47" count="0" type="stmt"/>
          <line num="51" count="0" type="stmt"/>
          <line num="85" count="1" type="stmt"/>
          <line num="94" count="1" type="stmt"/>
        </file>
        <file name="StatisticsItem.js" path="/Users/ingviun/VSCode/webutvikling/Prosjekt 3/it2810-webutvikling-h18-prosjekt-3-01/PIMM/components/StatisticsItem.js">
          <metrics statements="3" coveredstatements="3" conditionals="0" coveredconditionals="0" methods="1" coveredmethods="1"/>
          <line num="8" count="1" type="stmt"/>
          <line num="9" count="1" type="stmt"/>
          <line num="20" count="2" type="stmt"/>
        </file>
        <file name="StyledText.js" path="/Users/ingviun/VSCode/webutvikling/Prosjekt 3/it2810-webutvikling-h18-prosjekt-3-01/PIMM/components/StyledText.js">
          <metrics statements="1" coveredstatements="1" conditionals="0" coveredconditionals="0" methods="1" coveredmethods="1"/>
          <line num="6" count="1" type="stmt"/>
        </file>
        <file name="TaskItem.js" path="/Users/ingviun/VSCode/webutvikling/Prosjekt 3/it2810-webutvikling-h18-prosjekt-3-01/PIMM/components/TaskItem.js">
          <metrics statements="6" coveredstatements="2" conditionals="10" coveredconditionals="0" methods="4" coveredmethods="0"/>
          <line num="18" count="1" type="stmt"/>
          <line num="27" count="0" type="stmt"/>
          <line num="30" count="0" type="stmt"/>
          <line num="32" count="0" type="stmt"/>
          <line num="46" count="0" type="stmt"/>
          <line num="108" count="1" type="stmt"/>
        </file>
        <file name="TextIcon.js" path="/Users/ingviun/VSCode/webutvikling/Prosjekt 3/it2810-webutvikling-h18-prosjekt-3-01/PIMM/components/TextIcon.js">
          <metrics statements="6" coveredstatements="4" conditionals="10" coveredconditionals="3" methods="2" coveredmethods="1"/>
          <line num="8" count="12" type="stmt"/>
          <line num="10" count="12" type="stmt"/>
          <line num="21" count="1" type="stmt"/>
          <line num="29" count="0" type="stmt"/>
          <line num="31" count="0" type="stmt"/>
          <line num="46" count="1" type="stmt"/>
        </file>
      </package>
      <package name="PIMM.constants">
        <metrics statements="5" coveredstatements="5" conditionals="0" coveredconditionals="0" methods="0" coveredmethods="0"/>
        <file name="Colors.js" path="/Users/ingviun/VSCode/webutvikling/Prosjekt 3/it2810-webutvikling-h18-prosjekt-3-01/PIMM/constants/Colors.js">
          <metrics statements="5" coveredstatements="5" conditionals="0" coveredconditionals="0" methods="0" coveredmethods="0"/>
          <line num="1" count="2" type="stmt"/>
          <line num="2" count="2" type="stmt"/>
          <line num="3" count="2" type="stmt"/>
          <line num="4" count="2" type="stmt"/>
          <line num="5" count="2" type="stmt"/>
        </file>
        <file name="Strings.js" path="/Users/ingviun/VSCode/webutvikling/Prosjekt 3/it2810-webutvikling-h18-prosjekt-3-01/PIMM/constants/Strings.js">
          <metrics statements="0" coveredstatements="0" conditionals="0" coveredconditionals="0" methods="0" coveredmethods="0"/>
        </file>
      </package>
      <package name="PIMM.containers">
        <metrics statements="41" coveredstatements="9" conditionals="17" coveredconditionals="0" methods="28" coveredmethods="2"/>
        <file name="CategorisedTasksContainer.js" path="/Users/ingviun/VSCode/webutvikling/Prosjekt 3/it2810-webutvikling-h18-prosjekt-3-01/PIMM/containers/CategorisedTasksContainer.js">
          <metrics statements="9" coveredstatements="0" conditionals="4" coveredconditionals="0" methods="7" coveredmethods="0"/>
          <line num="7" count="0" type="stmt"/>
          <line num="8" count="0" type="stmt"/>
          <line num="14" count="0" type="stmt"/>
          <line num="20" count="0" type="stmt"/>
          <line num="22" count="0" type="stmt"/>
          <line num="24" count="0" type="stmt"/>
          <line num="30" count="0" type="stmt"/>
          <line num="31" count="0" type="stmt"/>
          <line num="36" count="0" type="stmt"/>
        </file>
        <file name="ProgressBarContainer.js" path="/Users/ingviun/VSCode/webutvikling/Prosjekt 3/it2810-webutvikling-h18-prosjekt-3-01/PIMM/containers/ProgressBarContainer.js">
          <metrics statements="9" coveredstatements="1" conditionals="8" coveredconditionals="0" methods="3" coveredmethods="0"/>
          <line num="11" count="0" type="stmt"/>
          <line num="20" count="0" type="stmt"/>
          <line num="24" count="0" type="stmt"/>
          <line num="25" count="0" type="cond" truecount="0" falsecount="2"/>
          <line num="26" count="0" type="stmt"/>
          <line num="28" count="0" type="stmt"/>
          <line num="32" count="0" type="stmt"/>
          <line num="34" count="0" type="stmt"/>
          <line num="65" count="1" type="stmt"/>
        </file>
        <file name="StatisticsContainer.js" path="/Users/ingviun/VSCode/webutvikling/Prosjekt 3/it2810-webutvikling-h18-prosjekt-3-01/PIMM/containers/StatisticsContainer.js">
          <metrics statements="3" coveredstatements="1" conditionals="0" coveredconditionals="0" methods="1" coveredmethods="0"/>
          <line num="9" count="0" type="stmt"/>
          <line num="10" count="0" type="stmt"/>
          <line num="29" count="1" type="stmt"/>
        </file>
        <file name="Tasks.context.js" path="/Users/ingviun/VSCode/webutvikling/Prosjekt 3/it2810-webutvikling-h18-prosjekt-3-01/PIMM/containers/Tasks.context.js">
          <metrics statements="16" coveredstatements="5" conditionals="5" coveredconditionals="0" methods="15" coveredmethods="2"/>
          <line num="5" count="1" type="stmt"/>
          <line num="10" count="2" type="stmt"/>
          <line num="11" count="2" type="stmt"/>
          <line num="48" count="0" type="stmt"/>
          <line num="62" count="0" type="stmt"/>
          <line num="66" count="0" type="stmt"/>
          <line num="73" count="0" type="stmt"/>
          <line num="77" count="0" type="stmt"/>
          <line num="89" count="0" type="stmt"/>
          <line num="105" count="0" type="stmt"/>
          <line num="119" count="0" type="stmt"/>
          <line num="120" count="0" type="stmt"/>
          <line num="131" count="0" type="stmt"/>
          <line num="136" count="0" type="stmt"/>
          <line num="141" count="2" type="stmt"/>
          <line num="162" count="1" type="stmt"/>
        </file>
        <file name="Tasks.js" path="/Users/ingviun/VSCode/webutvikling/Prosjekt 3/it2810-webutvikling-h18-prosjekt-3-01/PIMM/containers/Tasks.js">
          <metrics statements="4" coveredstatements="2" conditionals="0" coveredconditionals="0" methods="2" coveredmethods="0"/>
          <line num="8" count="1" type="stmt"/>
          <line num="9" count="0" type="stmt"/>
          <line num="12" count="0" type="stmt"/>
          <line num="46" count="1" type="stmt"/>
        </file>
      </package>
      <package name="PIMM.navigation">
        <metrics statements="11" coveredstatements="11" conditionals="12" coveredconditionals="9" methods="3" coveredmethods="3"/>
        <file name="AppNavigator.js" path="/Users/ingviun/VSCode/webutvikling/Prosjekt 3/it2810-webutvikling-h18-prosjekt-3-01/PIMM/navigation/AppNavigator.js">
          <metrics statements="2" coveredstatements="2" conditionals="0" coveredconditionals="0" methods="0" coveredmethods="0"/>
          <line num="8" count="1" type="stmt"/>
          <line num="12" count="1" type="stmt"/>
        </file>
        <file name="MainTabNavigator.js" path="/Users/ingviun/VSCode/webutvikling/Prosjekt 3/it2810-webutvikling-h18-prosjekt-3-01/PIMM/navigation/MainTabNavigator.js">
          <metrics statements="9" coveredstatements="9" conditionals="12" coveredconditionals="9" methods="3" coveredmethods="3"/>
          <line num="13" count="1" type="stmt"/>
          <line num="17" count="1" type="stmt"/>
          <line num="20" count="4" type="stmt"/>
          <line num="31" count="1" type="stmt"/>
          <line num="35" count="1" type="stmt"/>
          <line num="38" count="4" type="stmt"/>
          <line num="49" count="1" type="stmt"/>
          <line num="53" count="1" type="stmt"/>
          <line num="56" count="4" type="stmt"/>
        </file>
      </package>
      <package name="PIMM.screens">
        <metrics statements="52" coveredstatements="6" conditionals="8" coveredconditionals="0" methods="27" coveredmethods="1"/>
        <file name="CreateTaskScreen.js" path="/Users/ingviun/VSCode/webutvikling/Prosjekt 3/it2810-webutvikling-h18-prosjekt-3-01/PIMM/screens/CreateTaskScreen.js">
          <metrics statements="5" coveredstatements="1" conditionals="0" coveredconditionals="0" methods="3" coveredmethods="0"/>
          <line num="8" count="0" type="stmt"/>
          <line num="9" count="0" type="stmt"/>
          <line num="28" count="0" type="stmt"/>
          <line num="35" count="0" type="stmt"/>
          <line num="42" count="1" type="stmt"/>
        </file>
        <file name="EditTaskScreen.js" path="/Users/ingviun/VSCode/webutvikling/Prosjekt 3/it2810-webutvikling-h18-prosjekt-3-01/PIMM/screens/EditTaskScreen.js">
          <metrics statements="5" coveredstatements="1" conditionals="0" coveredconditionals="0" methods="3" coveredmethods="0"/>
          <line num="8" count="0" type="stmt"/>
          <line num="9" count="0" type="stmt"/>
          <line num="30" count="0" type="stmt"/>
          <line num="37" count="0" type="stmt"/>
          <line num="44" count="1" type="stmt"/>
        </file>
        <file name="SettingsScreen.js" path="/Users/ingviun/VSCode/webutvikling/Prosjekt 3/it2810-webutvikling-h18-prosjekt-3-01/PIMM/screens/SettingsScreen.js">
          <metrics statements="1" coveredstatements="0" conditionals="0" coveredconditionals="0" methods="1" coveredmethods="0"/>
          <line num="12" count="0" type="stmt"/>
        </file>
        <file name="StepScreen.js" path="/Users/ingviun/VSCode/webutvikling/Prosjekt 3/it2810-webutvikling-h18-prosjekt-3-01/PIMM/screens/StepScreen.js">
          <metrics statements="38" coveredstatements="2" conditionals="8" coveredconditionals="0" methods="18" coveredmethods="0"/>
          <line num="33" count="0" type="stmt"/>
          <line num="37" count="0" type="stmt"/>
          <line num="41" count="0" type="stmt"/>
          <line num="42" count="0" type="stmt"/>
          <line num="43" count="0" type="stmt"/>
          <line num="44" count="0" type="stmt"/>
          <line num="46" count="0" type="stmt"/>
          <line num="48" count="0" type="stmt"/>
          <line num="51" count="0" type="stmt"/>
          <line num="57" count="0" type="stmt"/>
          <line num="58" count="0" type="stmt"/>
          <line num="59" count="0" type="stmt"/>
          <line num="61" count="0" type="stmt"/>
          <line num="63" count="0" type="stmt"/>
          <line num="66" count="0" type="stmt"/>
          <line num="72" count="0" type="stmt"/>
          <line num="73" count="0" type="stmt"/>
          <line num="74" count="0" type="stmt"/>
          <line num="77" count="0" type="stmt"/>
          <line num="79" count="0" type="stmt"/>
          <line num="84" count="0" type="stmt"/>
          <line num="89" count="0" type="stmt"/>
          <line num="90" count="0" type="stmt"/>
          <line num="94" count="0" type="cond" truecount="0" falsecount="2"/>
          <line num="95" count="0" type="stmt"/>
          <line num="99" count="0" type="stmt"/>
          <line num="100" count="0" type="stmt"/>
          <line num="101" count="0" type="stmt"/>
          <line num="105" count="0" type="stmt"/>
          <line num="123" count="0" type="stmt"/>
          <line num="127" count="0" type="cond" truecount="0" falsecount="2"/>
          <line num="128" count="0" type="stmt"/>
          <line num="130" count="0" type="stmt"/>
          <line num="135" count="0" type="cond" truecount="0" falsecount="2"/>
          <line num="136" count="0" type="stmt"/>
          <line num="171" count="0" type="stmt"/>
          <line num="176" count="1" type="stmt"/>
          <line num="201" count="1" type="stmt"/>
        </file>
        <file name="TasksScreen.js" path="/Users/ingviun/VSCode/webutvikling/Prosjekt 3/it2810-webutvikling-h18-prosjekt-3-01/PIMM/screens/TasksScreen.js">
          <metrics statements="3" coveredstatements="2" conditionals="0" coveredconditionals="0" methods="2" coveredmethods="1"/>
          <line num="16" count="2" type="stmt"/>
          <line num="21" count="0" type="stmt"/>
          <line num="28" count="1" type="stmt"/>
        </file>
      </package>
    </metrics>
  </project>
</coverage>
