{"/Users/ingviun/VSCode/webutvikling/Prosjekt 3/it2810-webutvikling-h18-prosjekt-3-01/PIMM/App.js": {"path":"/Users/ingviun/VSCode/webutvikling/Prosjekt 3/it2810-webutvikling-h18-prosjekt-3-01/PIMM/App.js","statementMap":{"0":{"start":{"line":9,"column":21},"end":{"line":11,"column":3}},"1":{"start":{"line":12,"column":2},"end":{"line":16,"column":3}},"2":{"start":{"line":13,"column":4},"end":{"line":15,"column":6}},"3":{"start":{"line":20,"column":23},"end":{"line":26,"column":3}},"4":{"start":{"line":27,"column":23},"end":{"line":33,"column":3}},"5":{"start":{"line":35,"column":2},"end":{"line":35,"column":70}},"6":{"start":{"line":36,"column":2},"end":{"line":36,"column":70}},"7":{"start":{"line":45,"column":4},"end":{"line":45,"column":35}},"8":{"start":{"line":46,"column":4},"end":{"line":48,"column":5}},"9":{"start":{"line":47,"column":6},"end":{"line":47,"column":42}},"10":{"start":{"line":52,"column":4},"end":{"line":69,"column":5}},"11":{"start":{"line":53,"column":6},"end":{"line":59,"column":8}},"12":{"start":{"line":61,"column":6},"end":{"line":68,"column":8}},"13":{"start":{"line":73,"column":4},"end":{"line":85,"column":7}},"14":{"start":{"line":91,"column":4},"end":{"line":91,"column":24}},"15":{"start":{"line":95,"column":4},"end":{"line":95,"column":47}},"16":{"start":{"line":99,"column":15},"end":{"line":104,"column":2}}},"fnMap":{"0":{"name":"checkNotificationPermissions","decl":{"start":{"line":8,"column":15},"end":{"line":8,"column":43}},"loc":{"start":{"line":8,"column":46},"end":{"line":17,"column":1}},"line":8},"1":{"name":"createAndroidNotificationChannels","decl":{"start":{"line":19,"column":15},"end":{"line":19,"column":48}},"loc":{"start":{"line":19,"column":51},"end":{"line":37,"column":1}},"line":19},"2":{"name":"(anonymous_2)","decl":{"start":{"line":44,"column":2},"end":{"line":44,"column":3}},"loc":{"start":{"line":44,"column":23},"end":{"line":49,"column":3}},"line":44},"3":{"name":"(anonymous_3)","decl":{"start":{"line":51,"column":2},"end":{"line":51,"column":3}},"loc":{"start":{"line":51,"column":11},"end":{"line":70,"column":3}},"line":51},"4":{"name":"(anonymous_4)","decl":{"start":{"line":72,"column":24},"end":{"line":72,"column":25}},"loc":{"start":{"line":72,"column":36},"end":{"line":86,"column":3}},"line":72},"5":{"name":"(anonymous_5)","decl":{"start":{"line":88,"column":24},"end":{"line":88,"column":25}},"loc":{"start":{"line":88,"column":33},"end":{"line":92,"column":3}},"line":88},"6":{"name":"(anonymous_6)","decl":{"start":{"line":94,"column":25},"end":{"line":94,"column":26}},"loc":{"start":{"line":94,"column":31},"end":{"line":96,"column":3}},"line":94}},"branchMap":{"0":{"loc":{"start":{"line":12,"column":2},"end":{"line":16,"column":3}},"type":"if","locations":[{"start":{"line":12,"column":2},"end":{"line":16,"column":3}},{"start":{"line":12,"column":2},"end":{"line":16,"column":3}}],"line":12},"1":{"loc":{"start":{"line":46,"column":4},"end":{"line":48,"column":5}},"type":"if","locations":[{"start":{"line":46,"column":4},"end":{"line":48,"column":5}},{"start":{"line":46,"column":4},"end":{"line":48,"column":5}}],"line":46},"2":{"loc":{"start":{"line":52,"column":4},"end":{"line":69,"column":5}},"type":"if","locations":[{"start":{"line":52,"column":4},"end":{"line":69,"column":5}},{"start":{"line":52,"column":4},"end":{"line":69,"column":5}}],"line":52},"3":{"loc":{"start":{"line":52,"column":8},"end":{"line":52,"column":70}},"type":"binary-expr","locations":[{"start":{"line":52,"column":8},"end":{"line":52,"column":37}},{"start":{"line":52,"column":41},"end":{"line":52,"column":70}}],"line":52},"4":{"loc":{"start":{"line":64,"column":13},"end":{"line":64,"column":70}},"type":"binary-expr","locations":[{"start":{"line":64,"column":13},"end":{"line":64,"column":34}},{"start":{"line":64,"column":38},"end":{"line":64,"column":70}}],"line":64}},"s":{"0":2,"1":0,"2":0,"3":0,"4":0,"5":0,"6":0,"7":2,"8":2,"9":0,"10":3,"11":1,"12":2,"13":1,"14":0,"15":1,"16":1},"f":{"0":2,"1":0,"2":2,"3":3,"4":1,"5":0,"6":1},"b":{"0":[0,0],"1":[0,2],"2":[1,2],"3":[3,2],"4":[2,2]},"_coverageSchema":"332fd63041d2c1bcb487cc26dd0d5f7d97098a6c","hash":"bbbeeeb340dd3d404021717dce605d07464fed0b"}
,"/Users/ingviun/VSCode/webutvikling/Prosjekt 3/it2810-webutvikling-h18-prosjekt-3-01/PIMM/assets/fonts/SpaceMono-Regular.ttf": {"path":"/Users/ingviun/VSCode/webutvikling/Prosjekt 3/it2810-webutvikling-h18-prosjekt-3-01/PIMM/assets/fonts/SpaceMono-Regular.ttf","statementMap":{"0":{"start":{"line":1,"column":0},"end":{"line":1,"column":19}}},"fnMap":{},"branchMap":{},"s":{"0":1},"f":{},"b":{},"_coverageSchema":"332fd63041d2c1bcb487cc26dd0d5f7d97098a6c","hash":"32eccf543a1d4d86b5020b8d0f174680968183dc"}
,"/Users/ingviun/VSCode/webutvikling/Prosjekt 3/it2810-webutvikling-h18-prosjekt-3-01/PIMM/assets/images/robot-dev.png": {"path":"/Users/ingviun/VSCode/webutvikling/Prosjekt 3/it2810-webutvikling-h18-prosjekt-3-01/PIMM/assets/images/robot-dev.png","statementMap":{"0":{"start":{"line":1,"column":0},"end":{"line":1,"column":19}}},"fnMap":{},"branchMap":{},"s":{"0":1},"f":{},"b":{},"_coverageSchema":"332fd63041d2c1bcb487cc26dd0d5f7d97098a6c","hash":"2d00d7d8d3180a7c86d3644502d00f2f931bc7af"}
,"/Users/ingviun/VSCode/webutvikling/Prosjekt 3/it2810-webutvikling-h18-prosjekt-3-01/PIMM/assets/images/robot-prod.png": {"path":"/Users/ingviun/VSCode/webutvikling/Prosjekt 3/it2810-webutvikling-h18-prosjekt-3-01/PIMM/assets/images/robot-prod.png","statementMap":{"0":{"start":{"line":1,"column":0},"end":{"line":1,"column":19}}},"fnMap":{},"branchMap":{},"s":{"0":1},"f":{},"b":{},"_coverageSchema":"332fd63041d2c1bcb487cc26dd0d5f7d97098a6c","hash":"5f271aa966ed806953b591afc14ed69d7661ce9b"}
,"/Users/ingviun/VSCode/webutvikling/Prosjekt 3/it2810-webutvikling-h18-prosjekt-3-01/PIMM/components/CategorisedTasks.js": {"path":"/Users/ingviun/VSCode/webutvikling/Prosjekt 3/it2810-webutvikling-h18-prosjekt-3-01/PIMM/components/CategorisedTasks.js","statementMap":{"0":{"start":{"line":14,"column":25},"end":{"line":44,"column":1}},"1":{"start":{"line":22,"column":2},"end":{"line":43,"column":4}},"2":{"start":{"line":35,"column":23},"end":{"line":35,"column":44}},"3":{"start":{"line":46,"column":15},"end":{"line":66,"column":2}}},"fnMap":{"0":{"name":"(anonymous_0)","decl":{"start":{"line":14,"column":25},"end":{"line":14,"column":26}},"loc":{"start":{"line":21,"column":6},"end":{"line":44,"column":1}},"line":21},"1":{"name":"(anonymous_1)","decl":{"start":{"line":35,"column":17},"end":{"line":35,"column":18}},"loc":{"start":{"line":35,"column":23},"end":{"line":35,"column":44}},"line":35}},"branchMap":{"0":{"loc":{"start":{"line":31,"column":9},"end":{"line":31,"column":40}},"type":"binary-expr","locations":[{"start":{"line":31,"column":9},"end":{"line":31,"column":22}},{"start":{"line":31,"column":26},"end":{"line":31,"column":40}}],"line":31},"1":{"loc":{"start":{"line":39,"column":11},"end":{"line":39,"column":74}},"type":"cond-expr","locations":[{"start":{"line":39,"column":27},"end":{"line":39,"column":49}},{"start":{"line":39,"column":52},"end":{"line":39,"column":74}}],"line":39}},"s":{"0":1,"1":0,"2":0,"3":1},"f":{"0":0,"1":0},"b":{"0":[0,0],"1":[0,0]},"_coverageSchema":"332fd63041d2c1bcb487cc26dd0d5f7d97098a6c","hash":"bb03a797985f599fc41f065084c073a42dd952ba"}
,"/Users/ingviun/VSCode/webutvikling/Prosjekt 3/it2810-webutvikling-h18-prosjekt-3-01/PIMM/components/ProgressBar.js": {"path":"/Users/ingviun/VSCode/webutvikling/Prosjekt 3/it2810-webutvikling-h18-prosjekt-3-01/PIMM/components/ProgressBar.js","statementMap":{"0":{"start":{"line":7,"column":4},"end":{"line":7,"column":61}},"1":{"start":{"line":11,"column":4},"end":{"line":14,"column":15}},"2":{"start":{"line":18,"column":4},"end":{"line":23,"column":5}},"3":{"start":{"line":19,"column":6},"end":{"line":22,"column":17}},"4":{"start":{"line":34,"column":8},"end":{"line":34,"column":18}},"5":{"start":{"line":36,"column":30},"end":{"line":40,"column":6}},"6":{"start":{"line":42,"column":29},"end":{"line":45,"column":6}},"7":{"start":{"line":47,"column":26},"end":{"line":49,"column":5}},"8":{"start":{"line":51,"column":4},"end":{"line":81,"column":6}},"9":{"start":{"line":85,"column":0},"end":{"line":92,"column":2}},"10":{"start":{"line":94,"column":15},"end":{"line":114,"column":2}}},"fnMap":{"0":{"name":"(anonymous_0)","decl":{"start":{"line":6,"column":2},"end":{"line":6,"column":3}},"loc":{"start":{"line":6,"column":23},"end":{"line":8,"column":3}},"line":6},"1":{"name":"(anonymous_1)","decl":{"start":{"line":10,"column":2},"end":{"line":10,"column":3}},"loc":{"start":{"line":10,"column":22},"end":{"line":15,"column":3}},"line":10},"2":{"name":"(anonymous_2)","decl":{"start":{"line":17,"column":2},"end":{"line":17,"column":3}},"loc":{"start":{"line":17,"column":43},"end":{"line":24,"column":3}},"line":17},"3":{"name":"(anonymous_3)","decl":{"start":{"line":26,"column":2},"end":{"line":26,"column":3}},"loc":{"start":{"line":26,"column":11},"end":{"line":82,"column":3}},"line":26}},"branchMap":{"0":{"loc":{"start":{"line":18,"column":4},"end":{"line":23,"column":5}},"type":"if","locations":[{"start":{"line":18,"column":4},"end":{"line":23,"column":5}},{"start":{"line":18,"column":4},"end":{"line":23,"column":5}}],"line":18}},"s":{"0":0,"1":0,"2":0,"3":0,"4":0,"5":0,"6":0,"7":0,"8":0,"9":1,"10":1},"f":{"0":0,"1":0,"2":0,"3":0},"b":{"0":[0,0]},"_coverageSchema":"332fd63041d2c1bcb487cc26dd0d5f7d97098a6c","hash":"a2d9db515457021a58ad6c5e51956ec461cc0fcf"}
,"/Users/ingviun/VSCode/webutvikling/Prosjekt 3/it2810-webutvikling-h18-prosjekt-3-01/PIMM/components/StatisticsItem.js": {"path":"/Users/ingviun/VSCode/webutvikling/Prosjekt 3/it2810-webutvikling-h18-prosjekt-3-01/PIMM/components/StatisticsItem.js","statementMap":{"0":{"start":{"line":8,"column":28},"end":{"line":8,"column":38}},"1":{"start":{"line":9,"column":4},"end":{"line":16,"column":6}},"2":{"start":{"line":20,"column":15},"end":{"line":40,"column":2}}},"fnMap":{"0":{"name":"(anonymous_0)","decl":{"start":{"line":7,"column":2},"end":{"line":7,"column":3}},"loc":{"start":{"line":7,"column":11},"end":{"line":17,"column":3}},"line":7}},"branchMap":{},"s":{"0":1,"1":1,"2":2},"f":{"0":1},"b":{},"_coverageSchema":"332fd63041d2c1bcb487cc26dd0d5f7d97098a6c","hash":"f55d2019f5b5bd9b71aba34d48910918b92f578c"}
,"/Users/ingviun/VSCode/webutvikling/Prosjekt 3/it2810-webutvikling-h18-prosjekt-3-01/PIMM/components/StyledText.js": {"path":"/Users/ingviun/VSCode/webutvikling/Prosjekt 3/it2810-webutvikling-h18-prosjekt-3-01/PIMM/components/StyledText.js","statementMap":{"0":{"start":{"line":6,"column":4},"end":{"line":6,"column":93}}},"fnMap":{"0":{"name":"(anonymous_0)","decl":{"start":{"line":5,"column":2},"end":{"line":5,"column":3}},"loc":{"start":{"line":5,"column":11},"end":{"line":7,"column":3}},"line":5}},"branchMap":{},"s":{"0":1},"f":{"0":1},"b":{},"_coverageSchema":"332fd63041d2c1bcb487cc26dd0d5f7d97098a6c","hash":"b1a881bf4405aab879bfce2e85d4c104d9d74bc8"}
,"/Users/ingviun/VSCode/webutvikling/Prosjekt 3/it2810-webutvikling-h18-prosjekt-3-01/PIMM/components/TaskItem.js": {"path":"/Users/ingviun/VSCode/webutvikling/Prosjekt 3/it2810-webutvikling-h18-prosjekt-3-01/PIMM/components/TaskItem.js","statementMap":{"0":{"start":{"line":18,"column":17},"end":{"line":106,"column":1}},"1":{"start":{"line":27,"column":2},"end":{"line":105,"column":4}},"2":{"start":{"line":30,"column":8},"end":{"line":102,"column":27}},"3":{"start":{"line":32,"column":12},"end":{"line":32,"column":56}},"4":{"start":{"line":46,"column":29},"end":{"line":46,"column":56}},"5":{"start":{"line":108,"column":15},"end":{"line":135,"column":2}}},"fnMap":{"0":{"name":"(anonymous_0)","decl":{"start":{"line":18,"column":17},"end":{"line":18,"column":18}},"loc":{"start":{"line":26,"column":6},"end":{"line":106,"column":1}},"line":26},"1":{"name":"(anonymous_1)","decl":{"start":{"line":29,"column":7},"end":{"line":29,"column":8}},"loc":{"start":{"line":30,"column":8},"end":{"line":102,"column":27}},"line":30},"2":{"name":"(anonymous_2)","decl":{"start":{"line":31,"column":23},"end":{"line":31,"column":24}},"loc":{"start":{"line":31,"column":29},"end":{"line":33,"column":11}},"line":31},"3":{"name":"(anonymous_3)","decl":{"start":{"line":46,"column":23},"end":{"line":46,"column":24}},"loc":{"start":{"line":46,"column":29},"end":{"line":46,"column":56}},"line":46}},"branchMap":{"0":{"loc":{"start":{"line":39,"column":33},"end":{"line":41,"column":45}},"type":"cond-expr","locations":[{"start":{"line":40,"column":20},"end":{"line":40,"column":42}},{"start":{"line":41,"column":20},"end":{"line":41,"column":45}}],"line":39},"1":{"loc":{"start":{"line":68,"column":38},"end":{"line":68,"column":73}},"type":"cond-expr","locations":[{"start":{"line":68,"column":50},"end":{"line":68,"column":64}},{"start":{"line":68,"column":67},"end":{"line":68,"column":73}}],"line":68},"2":{"loc":{"start":{"line":69,"column":29},"end":{"line":69,"column":60}},"type":"cond-expr","locations":[{"start":{"line":69,"column":41},"end":{"line":69,"column":49}},{"start":{"line":69,"column":52},"end":{"line":69,"column":60}}],"line":69},"3":{"loc":{"start":{"line":75,"column":13},"end":{"line":92,"column":13}},"type":"binary-expr","locations":[{"start":{"line":75,"column":13},"end":{"line":75,"column":16}},{"start":{"line":76,"column":14},"end":{"line":91,"column":21}}],"line":75},"4":{"loc":{"start":{"line":93,"column":13},"end":{"line":100,"column":13}},"type":"binary-expr","locations":[{"start":{"line":93,"column":13},"end":{"line":93,"column":31}},{"start":{"line":94,"column":14},"end":{"line":99,"column":16}}],"line":93}},"s":{"0":1,"1":0,"2":0,"3":0,"4":0,"5":1},"f":{"0":0,"1":0,"2":0,"3":0},"b":{"0":[0,0],"1":[0,0],"2":[0,0],"3":[0,0],"4":[0,0]},"_coverageSchema":"332fd63041d2c1bcb487cc26dd0d5f7d97098a6c","hash":"33e1e40d8a9f8c1a183ef6ad036375d95e549e8b"}
,"/Users/ingviun/VSCode/webutvikling/Prosjekt 3/it2810-webutvikling-h18-prosjekt-3-01/PIMM/components/TextIcon.js": {"path":"/Users/ingviun/VSCode/webutvikling/Prosjekt 3/it2810-webutvikling-h18-prosjekt-3-01/PIMM/components/TextIcon.js","statementMap":{"0":{"start":{"line":8,"column":61},"end":{"line":8,"column":71}},"1":{"start":{"line":10,"column":4},"end":{"line":17,"column":6}},"2":{"start":{"line":21,"column":0},"end":{"line":25,"column":2}},"3":{"start":{"line":29,"column":61},"end":{"line":29,"column":71}},"4":{"start":{"line":31,"column":4},"end":{"line":42,"column":6}},"5":{"start":{"line":46,"column":0},"end":{"line":50,"column":2}}},"fnMap":{"0":{"name":"(anonymous_0)","decl":{"start":{"line":7,"column":2},"end":{"line":7,"column":3}},"loc":{"start":{"line":7,"column":11},"end":{"line":18,"column":3}},"line":7},"1":{"name":"(anonymous_1)","decl":{"start":{"line":28,"column":2},"end":{"line":28,"column":3}},"loc":{"start":{"line":28,"column":11},"end":{"line":43,"column":3}},"line":28}},"branchMap":{"0":{"loc":{"start":{"line":14,"column":15},"end":{"line":14,"column":64}},"type":"cond-expr","locations":[{"start":{"line":14,"column":35},"end":{"line":14,"column":41}},{"start":{"line":14,"column":44},"end":{"line":14,"column":64}}],"line":14},"1":{"loc":{"start":{"line":15,"column":15},"end":{"line":15,"column":63}},"type":"cond-expr","locations":[{"start":{"line":15,"column":36},"end":{"line":15,"column":48}},{"start":{"line":15,"column":51},"end":{"line":15,"column":63}}],"line":15},"2":{"loc":{"start":{"line":34,"column":10},"end":{"line":36,"column":37}},"type":"cond-expr","locations":[{"start":{"line":35,"column":14},"end":{"line":35,"column":38}},{"start":{"line":36,"column":14},"end":{"line":36,"column":37}}],"line":34},"3":{"loc":{"start":{"line":39,"column":15},"end":{"line":39,"column":63}},"type":"cond-expr","locations":[{"start":{"line":39,"column":35},"end":{"line":39,"column":41}},{"start":{"line":39,"column":44},"end":{"line":39,"column":63}}],"line":39},"4":{"loc":{"start":{"line":40,"column":15},"end":{"line":40,"column":63}},"type":"cond-expr","locations":[{"start":{"line":40,"column":36},"end":{"line":40,"column":48}},{"start":{"line":40,"column":51},"end":{"line":40,"column":63}}],"line":40}},"s":{"0":12,"1":12,"2":1,"3":0,"4":0,"5":1},"f":{"0":12,"1":0},"b":{"0":[0,12],"1":[6,6],"2":[0,0],"3":[0,0],"4":[0,0]},"_coverageSchema":"332fd63041d2c1bcb487cc26dd0d5f7d97098a6c","hash":"ea519b930c7e1c051125fce201c9c2019508bcb7"}
,"/Users/ingviun/VSCode/webutvikling/Prosjekt 3/it2810-webutvikling-h18-prosjekt-3-01/PIMM/constants/Colors.js": {"path":"/Users/ingviun/VSCode/webutvikling/Prosjekt 3/it2810-webutvikling-h18-prosjekt-3-01/PIMM/constants/Colors.js","statementMap":{"0":{"start":{"line":1,"column":20},"end":{"line":1,"column":29}},"1":{"start":{"line":2,"column":20},"end":{"line":2,"column":29}},"2":{"start":{"line":3,"column":17},"end":{"line":3,"column":26}},"3":{"start":{"line":4,"column":19},"end":{"line":4,"column":28}},"4":{"start":{"line":5,"column":17},"end":{"line":5,"column":26}}},"fnMap":{},"branchMap":{},"s":{"0":2,"1":2,"2":2,"3":2,"4":2},"f":{},"b":{},"_coverageSchema":"332fd63041d2c1bcb487cc26dd0d5f7d97098a6c","hash":"04cd90246e0de951786e0d635d3c8ad9570a8b42"}
,"/Users/ingviun/VSCode/webutvikling/Prosjekt 3/it2810-webutvikling-h18-prosjekt-3-01/PIMM/constants/Strings.js": {"path":"/Users/ingviun/VSCode/webutvikling/Prosjekt 3/it2810-webutvikling-h18-prosjekt-3-01/PIMM/constants/Strings.js","statementMap":{},"fnMap":{},"branchMap":{},"s":{},"f":{},"b":{},"_coverageSchema":"332fd63041d2c1bcb487cc26dd0d5f7d97098a6c","hash":"e1bb8a850cad4a624572af5df58cd85a820de00f"}
,"/Users/ingviun/VSCode/webutvikling/Prosjekt 3/it2810-webutvikling-h18-prosjekt-3-01/PIMM/containers/CategorisedTasksContainer.js": {"path":"/Users/ingviun/VSCode/webutvikling/Prosjekt 3/it2810-webutvikling-h18-prosjekt-3-01/PIMM/containers/CategorisedTasksContainer.js","statementMap":{"0":{"start":{"line":7,"column":4},"end":{"line":7,"column":17}},"1":{"start":{"line":8,"column":4},"end":{"line":10,"column":6}},"2":{"start":{"line":14,"column":4},"end":{"line":16,"column":8}},"3":{"start":{"line":14,"column":28},"end":{"line":16,"column":5}},"4":{"start":{"line":20,"column":21},"end":{"line":20,"column":40}},"5":{"start":{"line":22,"column":4},"end":{"line":32,"column":9}},"6":{"start":{"line":24,"column":8},"end":{"line":27,"column":10}},"7":{"start":{"line":30,"column":21},"end":{"line":30,"column":37}},"8":{"start":{"line":31,"column":8},"end":{"line":31,"column":62}},"9":{"start":{"line":36,"column":4},"end":{"line":45,"column":6}}},"fnMap":{"0":{"name":"(anonymous_0)","decl":{"start":{"line":6,"column":2},"end":{"line":6,"column":3}},"loc":{"start":{"line":6,"column":21},"end":{"line":11,"column":3}},"line":6},"1":{"name":"(anonymous_1)","decl":{"start":{"line":13,"column":24},"end":{"line":13,"column":25}},"loc":{"start":{"line":13,"column":30},"end":{"line":17,"column":3}},"line":13},"2":{"name":"(anonymous_2)","decl":{"start":{"line":14,"column":18},"end":{"line":14,"column":19}},"loc":{"start":{"line":14,"column":28},"end":{"line":16,"column":5}},"line":14},"3":{"name":"(anonymous_3)","decl":{"start":{"line":19,"column":21},"end":{"line":19,"column":22}},"loc":{"start":{"line":19,"column":36},"end":{"line":33,"column":3}},"line":19},"4":{"name":"(anonymous_4)","decl":{"start":{"line":23,"column":14},"end":{"line":23,"column":15}},"loc":{"start":{"line":23,"column":24},"end":{"line":28,"column":7}},"line":23},"5":{"name":"(anonymous_5)","decl":{"start":{"line":29,"column":11},"end":{"line":29,"column":12}},"loc":{"start":{"line":29,"column":26},"end":{"line":32,"column":7}},"line":29},"6":{"name":"(anonymous_6)","decl":{"start":{"line":35,"column":2},"end":{"line":35,"column":3}},"loc":{"start":{"line":35,"column":11},"end":{"line":46,"column":3}},"line":35}},"branchMap":{"0":{"loc":{"start":{"line":9,"column":21},"end":{"line":9,"column":79}},"type":"cond-expr","locations":[{"start":{"line":9,"column":48},"end":{"line":9,"column":72}},{"start":{"line":9,"column":75},"end":{"line":9,"column":79}}],"line":9},"1":{"loc":{"start":{"line":25,"column":10},"end":{"line":26,"column":52}},"type":"binary-expr","locations":[{"start":{"line":25,"column":10},"end":{"line":25,"column":58}},{"start":{"line":26,"column":10},"end":{"line":26,"column":52}}],"line":25}},"s":{"0":0,"1":0,"2":0,"3":0,"4":0,"5":0,"6":0,"7":0,"8":0,"9":0},"f":{"0":0,"1":0,"2":0,"3":0,"4":0,"5":0,"6":0},"b":{"0":[0,0],"1":[0,0]},"_coverageSchema":"332fd63041d2c1bcb487cc26dd0d5f7d97098a6c","hash":"5206eeeaa49f14e9f91d15164fd8d7205367b020"}
,"/Users/ingviun/VSCode/webutvikling/Prosjekt 3/it2810-webutvikling-h18-prosjekt-3-01/PIMM/containers/ProgressBarContainer.js": {"path":"/Users/ingviun/VSCode/webutvikling/Prosjekt 3/it2810-webutvikling-h18-prosjekt-3-01/PIMM/containers/ProgressBarContainer.js","statementMap":{"0":{"start":{"line":11,"column":30},"end":{"line":19,"column":5}},"1":{"start":{"line":20,"column":4},"end":{"line":20,"column":67}},"2":{"start":{"line":24,"column":22},"end":{"line":24,"column":67}},"3":{"start":{"line":25,"column":4},"end":{"line":27,"column":5}},"4":{"start":{"line":26,"column":6},"end":{"line":26,"column":29}},"5":{"start":{"line":28,"column":4},"end":{"line":28,"column":21}},"6":{"start":{"line":32,"column":38},"end":{"line":32,"column":48}},"7":{"start":{"line":34,"column":4},"end":{"line":61,"column":6}},"8":{"start":{"line":65,"column":15},"end":{"line":77,"column":2}}},"fnMap":{"0":{"name":"(anonymous_0)","decl":{"start":{"line":10,"column":20},"end":{"line":10,"column":21}},"loc":{"start":{"line":10,"column":26},"end":{"line":21,"column":3}},"line":10},"1":{"name":"(anonymous_1)","decl":{"start":{"line":23,"column":2},"end":{"line":23,"column":3}},"loc":{"start":{"line":23,"column":18},"end":{"line":29,"column":3}},"line":23},"2":{"name":"(anonymous_2)","decl":{"start":{"line":31,"column":2},"end":{"line":31,"column":3}},"loc":{"start":{"line":31,"column":11},"end":{"line":62,"column":3}},"line":31}},"branchMap":{"0":{"loc":{"start":{"line":25,"column":4},"end":{"line":27,"column":5}},"type":"if","locations":[{"start":{"line":25,"column":4},"end":{"line":27,"column":5}},{"start":{"line":25,"column":4},"end":{"line":27,"column":5}}],"line":25},"1":{"loc":{"start":{"line":40,"column":18},"end":{"line":40,"column":64}},"type":"cond-expr","locations":[{"start":{"line":40,"column":42},"end":{"line":40,"column":52}},{"start":{"line":40,"column":55},"end":{"line":40,"column":64}}],"line":40},"2":{"loc":{"start":{"line":52,"column":14},"end":{"line":56,"column":47}},"type":"cond-expr","locations":[{"start":{"line":53,"column":18},"end":{"line":55,"column":20}},{"start":{"line":56,"column":18},"end":{"line":56,"column":47}}],"line":52},"3":{"loc":{"start":{"line":54,"column":20},"end":{"line":54,"column":58}},"type":"cond-expr","locations":[{"start":{"line":54,"column":43},"end":{"line":54,"column":45}},{"start":{"line":54,"column":48},"end":{"line":54,"column":58}}],"line":54}},"s":{"0":0,"1":0,"2":0,"3":0,"4":0,"5":0,"6":0,"7":0,"8":1},"f":{"0":0,"1":0,"2":0},"b":{"0":[0,0],"1":[0,0],"2":[0,0],"3":[0,0]},"_coverageSchema":"332fd63041d2c1bcb487cc26dd0d5f7d97098a6c","hash":"64801fe78a18d142a08ea2f3174dc2540e5635f1"}
,"/Users/ingviun/VSCode/webutvikling/Prosjekt 3/it2810-webutvikling-h18-prosjekt-3-01/PIMM/containers/StatisticsContainer.js": {"path":"/Users/ingviun/VSCode/webutvikling/Prosjekt 3/it2810-webutvikling-h18-prosjekt-3-01/PIMM/containers/StatisticsContainer.js","statementMap":{"0":{"start":{"line":9,"column":42},"end":{"line":9,"column":52}},"1":{"start":{"line":10,"column":4},"end":{"line":25,"column":6}},"2":{"start":{"line":29,"column":15},"end":{"line":39,"column":2}}},"fnMap":{"0":{"name":"(anonymous_0)","decl":{"start":{"line":8,"column":2},"end":{"line":8,"column":3}},"loc":{"start":{"line":8,"column":11},"end":{"line":26,"column":3}},"line":8}},"branchMap":{},"s":{"0":0,"1":0,"2":1},"f":{"0":0},"b":{},"_coverageSchema":"332fd63041d2c1bcb487cc26dd0d5f7d97098a6c","hash":"df6382d83472aff6de675b5ccf4f08407efc79a8"}
,"/Users/ingviun/VSCode/webutvikling/Prosjekt 3/it2810-webutvikling-h18-prosjekt-3-01/PIMM/containers/Tasks.context.js": {"path":"/Users/ingviun/VSCode/webutvikling/Prosjekt 3/it2810-webutvikling-h18-prosjekt-3-01/PIMM/containers/Tasks.context.js","statementMap":{"0":{"start":{"line":5,"column":21},"end":{"line":5,"column":42}},"1":{"start":{"line":10,"column":4},"end":{"line":10,"column":17}},"2":{"start":{"line":11,"column":4},"end":{"line":44,"column":6}},"3":{"start":{"line":48,"column":30},"end":{"line":60,"column":5}},"4":{"start":{"line":62,"column":30},"end":{"line":64,"column":5}},"5":{"start":{"line":66,"column":4},"end":{"line":69,"column":6}},"6":{"start":{"line":73,"column":4},"end":{"line":73,"column":57}},"7":{"start":{"line":77,"column":4},"end":{"line":85,"column":8}},"8":{"start":{"line":77,"column":28},"end":{"line":85,"column":5}},"9":{"start":{"line":89,"column":4},"end":{"line":99,"column":8}},"10":{"start":{"line":89,"column":28},"end":{"line":99,"column":5}},"11":{"start":{"line":105,"column":4},"end":{"line":110,"column":8}},"12":{"start":{"line":105,"column":28},"end":{"line":110,"column":5}},"13":{"start":{"line":119,"column":4},"end":{"line":132,"column":6}},"14":{"start":{"line":120,"column":16},"end":{"line":130,"column":7}},"15":{"start":{"line":131,"column":12},"end":{"line":131,"column":37}},"16":{"start":{"line":136,"column":4},"end":{"line":138,"column":7}},"17":{"start":{"line":136,"column":28},"end":{"line":138,"column":5}},"18":{"start":{"line":141,"column":4},"end":{"line":156,"column":6}},"19":{"start":{"line":162,"column":29},"end":{"line":162,"column":50}}},"fnMap":{"0":{"name":"(anonymous_0)","decl":{"start":{"line":9,"column":2},"end":{"line":9,"column":3}},"loc":{"start":{"line":9,"column":21},"end":{"line":45,"column":3}},"line":9},"1":{"name":"(anonymous_1)","decl":{"start":{"line":47,"column":25},"end":{"line":47,"column":26}},"loc":{"start":{"line":47,"column":75},"end":{"line":70,"column":3}},"line":47},"2":{"name":"(anonymous_2)","decl":{"start":{"line":72,"column":37},"end":{"line":72,"column":38}},"loc":{"start":{"line":72,"column":43},"end":{"line":74,"column":3}},"line":72},"3":{"name":"(anonymous_3)","decl":{"start":{"line":76,"column":24},"end":{"line":76,"column":25}},"loc":{"start":{"line":76,"column":34},"end":{"line":86,"column":3}},"line":76},"4":{"name":"(anonymous_4)","decl":{"start":{"line":77,"column":18},"end":{"line":77,"column":19}},"loc":{"start":{"line":77,"column":28},"end":{"line":85,"column":5}},"line":77},"5":{"name":"(anonymous_5)","decl":{"start":{"line":88,"column":13},"end":{"line":88,"column":14}},"loc":{"start":{"line":88,"column":64},"end":{"line":100,"column":3}},"line":88},"6":{"name":"(anonymous_6)","decl":{"start":{"line":89,"column":18},"end":{"line":89,"column":19}},"loc":{"start":{"line":89,"column":28},"end":{"line":99,"column":5}},"line":89},"7":{"name":"(anonymous_7)","decl":{"start":{"line":102,"column":15},"end":{"line":102,"column":16}},"loc":{"start":{"line":102,"column":25},"end":{"line":111,"column":3}},"line":102},"8":{"name":"(anonymous_8)","decl":{"start":{"line":105,"column":18},"end":{"line":105,"column":19}},"loc":{"start":{"line":105,"column":28},"end":{"line":110,"column":5}},"line":105},"9":{"name":"(anonymous_9)","decl":{"start":{"line":113,"column":12},"end":{"line":113,"column":13}},"loc":{"start":{"line":118,"column":7},"end":{"line":133,"column":3}},"line":118},"10":{"name":"(anonymous_10)","decl":{"start":{"line":120,"column":6},"end":{"line":120,"column":7}},"loc":{"start":{"line":120,"column":16},"end":{"line":130,"column":7}},"line":120},"11":{"name":"(anonymous_11)","decl":{"start":{"line":131,"column":6},"end":{"line":131,"column":7}},"loc":{"start":{"line":131,"column":12},"end":{"line":131,"column":37}},"line":131},"12":{"name":"(anonymous_12)","decl":{"start":{"line":135,"column":23},"end":{"line":135,"column":24}},"loc":{"start":{"line":136,"column":4},"end":{"line":138,"column":7}},"line":136},"13":{"name":"(anonymous_13)","decl":{"start":{"line":136,"column":18},"end":{"line":136,"column":19}},"loc":{"start":{"line":136,"column":28},"end":{"line":138,"column":5}},"line":136},"14":{"name":"(anonymous_14)","decl":{"start":{"line":140,"column":2},"end":{"line":140,"column":3}},"loc":{"start":{"line":140,"column":11},"end":{"line":157,"column":3}},"line":140}},"branchMap":{"0":{"loc":{"start":{"line":50,"column":12},"end":{"line":54,"column":41}},"type":"cond-expr","locations":[{"start":{"line":51,"column":10},"end":{"line":53,"column":44}},{"start":{"line":54,"column":10},"end":{"line":54,"column":41}}],"line":50},"1":{"loc":{"start":{"line":115,"column":4},"end":{"line":115,"column":14}},"type":"default-arg","locations":[{"start":{"line":115,"column":10},"end":{"line":115,"column":14}}],"line":115},"2":{"loc":{"start":{"line":116,"column":4},"end":{"line":116,"column":18}},"type":"default-arg","locations":[{"start":{"line":116,"column":16},"end":{"line":116,"column":18}}],"line":116},"3":{"loc":{"start":{"line":117,"column":4},"end":{"line":117,"column":32}},"type":"default-arg","locations":[{"start":{"line":117,"column":15},"end":{"line":117,"column":32}}],"line":117}},"s":{"0":1,"1":2,"2":2,"3":0,"4":0,"5":0,"6":0,"7":0,"8":0,"9":0,"10":0,"11":0,"12":0,"13":0,"14":0,"15":0,"16":0,"17":0,"18":2,"19":1},"f":{"0":2,"1":0,"2":0,"3":0,"4":0,"5":0,"6":0,"7":0,"8":0,"9":0,"10":0,"11":0,"12":0,"13":0,"14":2},"b":{"0":[0,0],"1":[0],"2":[0],"3":[0]},"_coverageSchema":"332fd63041d2c1bcb487cc26dd0d5f7d97098a6c","hash":"773ee485996f3f6921a46eef275c88b4a38ddc05"}
,"/Users/ingviun/VSCode/webutvikling/Prosjekt 3/it2810-webutvikling-h18-prosjekt-3-01/PIMM/containers/Tasks.js": {"path":"/Users/ingviun/VSCode/webutvikling/Prosjekt 3/it2810-webutvikling-h18-prosjekt-3-01/PIMM/containers/Tasks.js","statementMap":{"0":{"start":{"line":8,"column":14},"end":{"line":44,"column":1}},"1":{"start":{"line":9,"column":2},"end":{"line":43,"column":4}},"2":{"start":{"line":12,"column":8},"end":{"line":40,"column":15}},"3":{"start":{"line":46,"column":15},"end":{"line":55,"column":2}}},"fnMap":{"0":{"name":"(anonymous_0)","decl":{"start":{"line":8,"column":14},"end":{"line":8,"column":15}},"loc":{"start":{"line":8,"column":20},"end":{"line":44,"column":1}},"line":8},"1":{"name":"(anonymous_1)","decl":{"start":{"line":11,"column":7},"end":{"line":11,"column":8}},"loc":{"start":{"line":12,"column":8},"end":{"line":40,"column":15}},"line":12}},"branchMap":{},"s":{"0":1,"1":0,"2":0,"3":1},"f":{"0":0,"1":0},"b":{},"_coverageSchema":"332fd63041d2c1bcb487cc26dd0d5f7d97098a6c","hash":"9b2c8c3c5c81951c43bc624a15b879295886b5d2"}
,"/Users/ingviun/VSCode/webutvikling/Prosjekt 3/it2810-webutvikling-h18-prosjekt-3-01/PIMM/navigation/AppNavigator.js": {"path":"/Users/ingviun/VSCode/webutvikling/Prosjekt 3/it2810-webutvikling-h18-prosjekt-3-01/PIMM/navigation/AppNavigator.js","statementMap":{"0":{"start":{"line":8,"column":24},"end":{"line":10,"column":2}},"1":{"start":{"line":12,"column":22},"end":{"line":14,"column":2}}},"fnMap":{},"branchMap":{},"s":{"0":1,"1":1},"f":{},"b":{},"_coverageSchema":"332fd63041d2c1bcb487cc26dd0d5f7d97098a6c","hash":"bb5e97234a1ad8967bb1ead79c814ccef97c21d2"}
,"/Users/ingviun/VSCode/webutvikling/Prosjekt 3/it2810-webutvikling-h18-prosjekt-3-01/PIMM/navigation/MainTabNavigator.js": {"path":"/Users/ingviun/VSCode/webutvikling/Prosjekt 3/it2810-webutvikling-h18-prosjekt-3-01/PIMM/navigation/MainTabNavigator.js","statementMap":{"0":{"start":{"line":13,"column":18},"end":{"line":15,"column":2}},"1":{"start":{"line":17,"column":0},"end":{"line":29,"column":2}},"2":{"start":{"line":20,"column":4},"end":{"line":27,"column":6}},"3":{"start":{"line":31,"column":19},"end":{"line":33,"column":2}},"4":{"start":{"line":35,"column":0},"end":{"line":47,"column":2}},"5":{"start":{"line":38,"column":4},"end":{"line":45,"column":6}},"6":{"start":{"line":49,"column":22},"end":{"line":51,"column":2}},"7":{"start":{"line":53,"column":0},"end":{"line":65,"column":2}},"8":{"start":{"line":56,"column":4},"end":{"line":63,"column":6}}},"fnMap":{"0":{"name":"(anonymous_0)","decl":{"start":{"line":19,"column":14},"end":{"line":19,"column":15}},"loc":{"start":{"line":20,"column":4},"end":{"line":27,"column":6}},"line":20},"1":{"name":"(anonymous_1)","decl":{"start":{"line":37,"column":14},"end":{"line":37,"column":15}},"loc":{"start":{"line":38,"column":4},"end":{"line":45,"column":6}},"line":38},"2":{"name":"(anonymous_2)","decl":{"start":{"line":55,"column":14},"end":{"line":55,"column":15}},"loc":{"start":{"line":56,"column":4},"end":{"line":63,"column":6}},"line":56}},"branchMap":{"0":{"loc":{"start":{"line":23,"column":8},"end":{"line":25,"column":21}},"type":"cond-expr","locations":[{"start":{"line":24,"column":12},"end":{"line":24,"column":50}},{"start":{"line":25,"column":12},"end":{"line":25,"column":21}}],"line":23},"1":{"loc":{"start":{"line":24,"column":23},"end":{"line":24,"column":48}},"type":"cond-expr","locations":[{"start":{"line":24,"column":33},"end":{"line":24,"column":35}},{"start":{"line":24,"column":38},"end":{"line":24,"column":48}}],"line":24},"2":{"loc":{"start":{"line":41,"column":8},"end":{"line":43,"column":33}},"type":"cond-expr","locations":[{"start":{"line":42,"column":12},"end":{"line":42,"column":62}},{"start":{"line":43,"column":12},"end":{"line":43,"column":33}}],"line":41},"3":{"loc":{"start":{"line":42,"column":35},"end":{"line":42,"column":60}},"type":"cond-expr","locations":[{"start":{"line":42,"column":45},"end":{"line":42,"column":47}},{"start":{"line":42,"column":50},"end":{"line":42,"column":60}}],"line":42},"4":{"loc":{"start":{"line":59,"column":8},"end":{"line":61,"column":24}},"type":"cond-expr","locations":[{"start":{"line":60,"column":12},"end":{"line":60,"column":53}},{"start":{"line":61,"column":12},"end":{"line":61,"column":24}}],"line":59},"5":{"loc":{"start":{"line":60,"column":26},"end":{"line":60,"column":51}},"type":"cond-expr","locations":[{"start":{"line":60,"column":36},"end":{"line":60,"column":38}},{"start":{"line":60,"column":41},"end":{"line":60,"column":51}}],"line":60}},"s":{"0":1,"1":1,"2":4,"3":1,"4":1,"5":4,"6":1,"7":1,"8":4},"f":{"0":4,"1":4,"2":4},"b":{"0":[4,0],"1":[2,2],"2":[4,0],"3":[2,2],"4":[4,0],"5":[2,2]},"_coverageSchema":"332fd63041d2c1bcb487cc26dd0d5f7d97098a6c","hash":"6fbbf9413c130797d84c6f0a39377a2a2c80bd1b"}
,"/Users/ingviun/VSCode/webutvikling/Prosjekt 3/it2810-webutvikling-h18-prosjekt-3-01/PIMM/screens/CreateTaskScreen.js": {"path":"/Users/ingviun/VSCode/webutvikling/Prosjekt 3/it2810-webutvikling-h18-prosjekt-3-01/PIMM/screens/CreateTaskScreen.js","statementMap":{"0":{"start":{"line":8,"column":4},"end":{"line":8,"column":17}},"1":{"start":{"line":9,"column":4},"end":{"line":9,"column":20}},"2":{"start":{"line":28,"column":4},"end":{"line":38,"column":6}},"3":{"start":{"line":35,"column":25},"end":{"line":35,"column":64}},"4":{"start":{"line":42,"column":15},"end":{"line":48,"column":2}}},"fnMap":{"0":{"name":"(anonymous_0)","decl":{"start":{"line":7,"column":2},"end":{"line":7,"column":3}},"loc":{"start":{"line":7,"column":21},"end":{"line":10,"column":3}},"line":7},"1":{"name":"(anonymous_1)","decl":{"start":{"line":27,"column":2},"end":{"line":27,"column":3}},"loc":{"start":{"line":27,"column":11},"end":{"line":39,"column":3}},"line":27},"2":{"name":"(anonymous_2)","decl":{"start":{"line":35,"column":19},"end":{"line":35,"column":20}},"loc":{"start":{"line":35,"column":25},"end":{"line":35,"column":64}},"line":35}},"branchMap":{},"s":{"0":0,"1":0,"2":0,"3":0,"4":1},"f":{"0":0,"1":0,"2":0},"b":{},"_coverageSchema":"332fd63041d2c1bcb487cc26dd0d5f7d97098a6c","hash":"19c191d61b9a95864a8be43ed82ee8f6dce435e9"}
,"/Users/ingviun/VSCode/webutvikling/Prosjekt 3/it2810-webutvikling-h18-prosjekt-3-01/PIMM/screens/EditTaskScreen.js": {"path":"/Users/ingviun/VSCode/webutvikling/Prosjekt 3/it2810-webutvikling-h18-prosjekt-3-01/PIMM/screens/EditTaskScreen.js","statementMap":{"0":{"start":{"line":8,"column":4},"end":{"line":8,"column":17}},"1":{"start":{"line":9,"column":4},"end":{"line":11,"column":6}},"2":{"start":{"line":30,"column":4},"end":{"line":40,"column":6}},"3":{"start":{"line":37,"column":25},"end":{"line":37,"column":64}},"4":{"start":{"line":44,"column":15},"end":{"line":50,"column":2}}},"fnMap":{"0":{"name":"(anonymous_0)","decl":{"start":{"line":7,"column":2},"end":{"line":7,"column":3}},"loc":{"start":{"line":7,"column":21},"end":{"line":12,"column":3}},"line":7},"1":{"name":"(anonymous_1)","decl":{"start":{"line":29,"column":2},"end":{"line":29,"column":3}},"loc":{"start":{"line":29,"column":11},"end":{"line":41,"column":3}},"line":29},"2":{"name":"(anonymous_2)","decl":{"start":{"line":37,"column":19},"end":{"line":37,"column":20}},"loc":{"start":{"line":37,"column":25},"end":{"line":37,"column":64}},"line":37}},"branchMap":{},"s":{"0":0,"1":0,"2":0,"3":0,"4":1},"f":{"0":0,"1":0,"2":0},"b":{},"_coverageSchema":"332fd63041d2c1bcb487cc26dd0d5f7d97098a6c","hash":"665432f36bacdc93713c83feca2d40249e62f2b4"}
,"/Users/ingviun/VSCode/webutvikling/Prosjekt 3/it2810-webutvikling-h18-prosjekt-3-01/PIMM/screens/SettingsScreen.js": {"path":"/Users/ingviun/VSCode/webutvikling/Prosjekt 3/it2810-webutvikling-h18-prosjekt-3-01/PIMM/screens/SettingsScreen.js","statementMap":{"0":{"start":{"line":12,"column":4},"end":{"line":12,"column":30}}},"fnMap":{"0":{"name":"(anonymous_0)","decl":{"start":{"line":9,"column":2},"end":{"line":9,"column":3}},"loc":{"start":{"line":9,"column":11},"end":{"line":13,"column":3}},"line":9}},"branchMap":{},"s":{"0":0},"f":{"0":0},"b":{},"_coverageSchema":"332fd63041d2c1bcb487cc26dd0d5f7d97098a6c","hash":"aa507f73ff68a1028295fa98c3b9da0238be71fa"}
,"/Users/ingviun/VSCode/webutvikling/Prosjekt 3/it2810-webutvikling-h18-prosjekt-3-01/PIMM/screens/StepScreen.js": {"path":"/Users/ingviun/VSCode/webutvikling/Prosjekt 3/it2810-webutvikling-h18-prosjekt-3-01/PIMM/screens/StepScreen.js","statementMap":{"0":{"start":{"line":33,"column":4},"end":{"line":33,"column":22}},"1":{"start":{"line":37,"column":4},"end":{"line":37,"column":24}},"2":{"start":{"line":41,"column":18},"end":{"line":41,"column":28}},"3":{"start":{"line":42,"column":4},"end":{"line":42,"column":31}},"4":{"start":{"line":43,"column":16},"end":{"line":43,"column":26}},"5":{"start":{"line":44,"column":4},"end":{"line":44,"column":30}},"6":{"start":{"line":46,"column":4},"end":{"line":53,"column":6}},"7":{"start":{"line":48,"column":8},"end":{"line":48,"column":52}},"8":{"start":{"line":51,"column":8},"end":{"line":51,"column":48}},"9":{"start":{"line":57,"column":16},"end":{"line":57,"column":26}},"10":{"start":{"line":58,"column":18},"end":{"line":58,"column":28}},"11":{"start":{"line":59,"column":4},"end":{"line":59,"column":37}},"12":{"start":{"line":61,"column":4},"end":{"line":68,"column":6}},"13":{"start":{"line":63,"column":8},"end":{"line":63,"column":55}},"14":{"start":{"line":66,"column":8},"end":{"line":66,"column":48}},"15":{"start":{"line":72,"column":4},"end":{"line":75,"column":7}},"16":{"start":{"line":73,"column":6},"end":{"line":73,"column":30}},"17":{"start":{"line":74,"column":6},"end":{"line":74,"column":33}},"18":{"start":{"line":77,"column":4},"end":{"line":88,"column":6}},"19":{"start":{"line":79,"column":8},"end":{"line":81,"column":11}},"20":{"start":{"line":84,"column":8},"end":{"line":86,"column":11}},"21":{"start":{"line":89,"column":4},"end":{"line":89,"column":28}},"22":{"start":{"line":90,"column":4},"end":{"line":90,"column":31}},"23":{"start":{"line":94,"column":4},"end":{"line":94,"column":54}},"24":{"start":{"line":95,"column":4},"end":{"line":95,"column":30}},"25":{"start":{"line":99,"column":4},"end":{"line":99,"column":63}},"26":{"start":{"line":100,"column":4},"end":{"line":100,"column":22}},"27":{"start":{"line":101,"column":4},"end":{"line":101,"column":41}},"28":{"start":{"line":105,"column":4},"end":{"line":119,"column":6}},"29":{"start":{"line":123,"column":4},"end":{"line":123,"column":57}},"30":{"start":{"line":127,"column":4},"end":{"line":131,"column":5}},"31":{"start":{"line":128,"column":6},"end":{"line":128,"column":38}},"32":{"start":{"line":130,"column":6},"end":{"line":130,"column":39}},"33":{"start":{"line":135,"column":4},"end":{"line":172,"column":5}},"34":{"start":{"line":136,"column":6},"end":{"line":169,"column":8}},"35":{"start":{"line":171,"column":6},"end":{"line":171,"column":39}},"36":{"start":{"line":176,"column":15},"end":{"line":199,"column":2}},"37":{"start":{"line":201,"column":0},"end":{"line":201,"column":39}}},"fnMap":{"0":{"name":"(anonymous_0)","decl":{"start":{"line":32,"column":2},"end":{"line":32,"column":3}},"loc":{"start":{"line":32,"column":22},"end":{"line":34,"column":3}},"line":32},"1":{"name":"(anonymous_1)","decl":{"start":{"line":36,"column":2},"end":{"line":36,"column":3}},"loc":{"start":{"line":36,"column":25},"end":{"line":38,"column":3}},"line":36},"2":{"name":"(anonymous_2)","decl":{"start":{"line":40,"column":21},"end":{"line":40,"column":22}},"loc":{"start":{"line":40,"column":27},"end":{"line":54,"column":3}},"line":40},"3":{"name":"(anonymous_3)","decl":{"start":{"line":47,"column":6},"end":{"line":47,"column":7}},"loc":{"start":{"line":47,"column":16},"end":{"line":49,"column":7}},"line":47},"4":{"name":"(anonymous_4)","decl":{"start":{"line":50,"column":6},"end":{"line":50,"column":7}},"loc":{"start":{"line":50,"column":15},"end":{"line":52,"column":7}},"line":50},"5":{"name":"(anonymous_5)","decl":{"start":{"line":56,"column":24},"end":{"line":56,"column":25}},"loc":{"start":{"line":56,"column":30},"end":{"line":69,"column":3}},"line":56},"6":{"name":"(anonymous_6)","decl":{"start":{"line":62,"column":6},"end":{"line":62,"column":7}},"loc":{"start":{"line":62,"column":16},"end":{"line":64,"column":7}},"line":62},"7":{"name":"(anonymous_7)","decl":{"start":{"line":65,"column":6},"end":{"line":65,"column":7}},"loc":{"start":{"line":65,"column":15},"end":{"line":67,"column":7}},"line":65},"8":{"name":"(anonymous_8)","decl":{"start":{"line":71,"column":15},"end":{"line":71,"column":16}},"loc":{"start":{"line":71,"column":21},"end":{"line":91,"column":3}},"line":71},"9":{"name":"(anonymous_9)","decl":{"start":{"line":72,"column":50},"end":{"line":72,"column":51}},"loc":{"start":{"line":72,"column":60},"end":{"line":75,"column":5}},"line":72},"10":{"name":"(anonymous_10)","decl":{"start":{"line":78,"column":6},"end":{"line":78,"column":7}},"loc":{"start":{"line":78,"column":16},"end":{"line":82,"column":7}},"line":78},"11":{"name":"(anonymous_11)","decl":{"start":{"line":83,"column":6},"end":{"line":83,"column":7}},"loc":{"start":{"line":83,"column":15},"end":{"line":87,"column":7}},"line":83},"12":{"name":"(anonymous_12)","decl":{"start":{"line":93,"column":17},"end":{"line":93,"column":18}},"loc":{"start":{"line":93,"column":23},"end":{"line":96,"column":3}},"line":93},"13":{"name":"(anonymous_13)","decl":{"start":{"line":98,"column":20},"end":{"line":98,"column":21}},"loc":{"start":{"line":98,"column":26},"end":{"line":102,"column":3}},"line":98},"14":{"name":"(anonymous_14)","decl":{"start":{"line":104,"column":2},"end":{"line":104,"column":3}},"loc":{"start":{"line":104,"column":23},"end":{"line":120,"column":3}},"line":104},"15":{"name":"(anonymous_15)","decl":{"start":{"line":122,"column":2},"end":{"line":122,"column":3}},"loc":{"start":{"line":122,"column":18},"end":{"line":124,"column":3}},"line":122},"16":{"name":"(anonymous_16)","decl":{"start":{"line":126,"column":2},"end":{"line":126,"column":3}},"loc":{"start":{"line":126,"column":26},"end":{"line":132,"column":3}},"line":126},"17":{"name":"(anonymous_17)","decl":{"start":{"line":134,"column":2},"end":{"line":134,"column":3}},"loc":{"start":{"line":134,"column":11},"end":{"line":173,"column":3}},"line":134}},"branchMap":{"0":{"loc":{"start":{"line":94,"column":4},"end":{"line":94,"column":53}},"type":"binary-expr","locations":[{"start":{"line":94,"column":4},"end":{"line":94,"column":22}},{"start":{"line":94,"column":26},"end":{"line":94,"column":53}}],"line":94},"1":{"loc":{"start":{"line":127,"column":4},"end":{"line":131,"column":5}},"type":"if","locations":[{"start":{"line":127,"column":4},"end":{"line":131,"column":5}},{"start":{"line":127,"column":4},"end":{"line":131,"column":5}}],"line":127},"2":{"loc":{"start":{"line":135,"column":4},"end":{"line":172,"column":5}},"type":"if","locations":[{"start":{"line":135,"column":4},"end":{"line":172,"column":5}},{"start":{"line":135,"column":4},"end":{"line":172,"column":5}}],"line":135},"3":{"loc":{"start":{"line":157,"column":32},"end":{"line":165,"column":15}},"type":"cond-expr","locations":[{"start":{"line":158,"column":16},"end":{"line":160,"column":23}},{"start":{"line":162,"column":16},"end":{"line":164,"column":23}}],"line":157}},"s":{"0":0,"1":0,"2":0,"3":0,"4":0,"5":0,"6":0,"7":0,"8":0,"9":0,"10":0,"11":0,"12":0,"13":0,"14":0,"15":0,"16":0,"17":0,"18":0,"19":0,"20":0,"21":0,"22":0,"23":0,"24":0,"25":0,"26":0,"27":0,"28":0,"29":0,"30":0,"31":0,"32":0,"33":0,"34":0,"35":0,"36":1,"37":1},"f":{"0":0,"1":0,"2":0,"3":0,"4":0,"5":0,"6":0,"7":0,"8":0,"9":0,"10":0,"11":0,"12":0,"13":0,"14":0,"15":0,"16":0,"17":0},"b":{"0":[0,0],"1":[0,0],"2":[0,0],"3":[0,0]},"_coverageSchema":"332fd63041d2c1bcb487cc26dd0d5f7d97098a6c","hash":"cb9f419fcdaf6fa2d70244d26fd5deb2d5052118"}
,"/Users/ingviun/VSCode/webutvikling/Prosjekt 3/it2810-webutvikling-h18-prosjekt-3-01/PIMM/screens/TasksScreen.js": {"path":"/Users/ingviun/VSCode/webutvikling/Prosjekt 3/it2810-webutvikling-h18-prosjekt-3-01/PIMM/screens/TasksScreen.js","statementMap":{"0":{"start":{"line":16,"column":4},"end":{"line":24,"column":6}},"1":{"start":{"line":21,"column":25},"end":{"line":21,"column":65}},"2":{"start":{"line":28,"column":15},"end":{"line":34,"column":2}}},"fnMap":{"0":{"name":"(anonymous_0)","decl":{"start":{"line":15,"column":2},"end":{"line":15,"column":3}},"loc":{"start":{"line":15,"column":11},"end":{"line":25,"column":3}},"line":15},"1":{"name":"(anonymous_1)","decl":{"start":{"line":21,"column":19},"end":{"line":21,"column":20}},"loc":{"start":{"line":21,"column":25},"end":{"line":21,"column":65}},"line":21}},"branchMap":{},"s":{"0":2,"1":0,"2":1},"f":{"0":2,"1":0},"b":{},"_coverageSchema":"332fd63041d2c1bcb487cc26dd0d5f7d97098a6c","hash":"f05593bf36167c18cad9b9150dc990883b27f15c"}
}
