TN:
SF:/Users/ingviun/VSCode/webutvikling/Prosjekt 3/it2810-webutvikling-h18-prosjekt-3-01/PIMM/App.js
FN:8,checkNotificationPermissions
FN:19,createAndroidNotificationChannels
FN:44,(anonymous_2)
FN:51,(anonymous_3)
FN:72,(anonymous_4)
FN:88,(anonymous_5)
FN:94,(anonymous_6)
FNF:7
FNH:5
FNDA:2,checkNotificationPermissions
FNDA:0,createAndroidNotificationChannels
FNDA:2,(anonymous_2)
FNDA:3,(anonymous_3)
FNDA:1,(anonymous_4)
FNDA:0,(anonymous_5)
FNDA:1,(anonymous_6)
DA:9,2
DA:12,0
DA:13,0
DA:20,0
DA:27,0
DA:35,0
DA:36,0
DA:45,2
DA:46,2
DA:47,0
DA:52,3
DA:53,1
DA:61,2
DA:73,1
DA:91,0
DA:95,1
DA:99,1
LF:17
LH:9
BRDA:12,0,0,0
BRDA:12,0,1,0
BRDA:46,1,0,0
BRDA:46,1,1,2
BRDA:52,2,0,1
BRDA:52,2,1,2
BRDA:52,3,0,3
BRDA:52,3,1,2
BRDA:64,4,0,2
BRDA:64,4,1,2
BRF:10
BRH:7
end_of_record
TN:
SF:/Users/ingviun/VSCode/webutvikling/Prosjekt 3/it2810-webutvikling-h18-prosjekt-3-01/PIMM/assets/fonts/SpaceMono-Regular.ttf
FNF:0
FNH:0
DA:1,1
LF:1
LH:1
BRF:0
BRH:0
end_of_record
TN:
SF:/Users/ingviun/VSCode/webutvikling/Prosjekt 3/it2810-webutvikling-h18-prosjekt-3-01/PIMM/assets/images/robot-dev.png
FNF:0
FNH:0
DA:1,1
LF:1
LH:1
BRF:0
BRH:0
end_of_record
TN:
SF:/Users/ingviun/VSCode/webutvikling/Prosjekt 3/it2810-webutvikling-h18-prosjekt-3-01/PIMM/assets/images/robot-prod.png
FNF:0
FNH:0
DA:1,1
LF:1
LH:1
BRF:0
BRH:0
end_of_record
TN:
SF:/Users/ingviun/VSCode/webutvikling/Prosjekt 3/it2810-webutvikling-h18-prosjekt-3-01/PIMM/components/CategorisedTasks.js
FN:14,(anonymous_0)
FN:35,(anonymous_1)
FNF:2
FNH:0
FNDA:0,(anonymous_0)
FNDA:0,(anonymous_1)
DA:14,1
DA:22,0
DA:35,0
DA:46,1
LF:4
LH:2
BRDA:31,0,0,0
BRDA:31,0,1,0
BRDA:39,1,0,0
BRDA:39,1,1,0
BRF:4
BRH:0
end_of_record
TN:
SF:/Users/ingviun/VSCode/webutvikling/Prosjekt 3/it2810-webutvikling-h18-prosjekt-3-01/PIMM/components/ProgressBar.js
FN:6,(anonymous_0)
FN:10,(anonymous_1)
FN:17,(anonymous_2)
FN:26,(anonymous_3)
FNF:4
FNH:0
FNDA:0,(anonymous_0)
FNDA:0,(anonymous_1)
FNDA:0,(anonymous_2)
FNDA:0,(anonymous_3)
DA:7,0
DA:11,0
DA:18,0
DA:19,0
DA:34,0
DA:36,0
DA:42,0
DA:47,0
DA:51,0
DA:85,1
DA:94,1
LF:11
LH:2
BRDA:18,0,0,0
BRDA:18,0,1,0
BRF:2
BRH:0
end_of_record
TN:
SF:/Users/ingviun/VSCode/webutvikling/Prosjekt 3/it2810-webutvikling-h18-prosjekt-3-01/PIMM/components/StatisticsItem.js
FN:7,(anonymous_0)
FNF:1
FNH:1
FNDA:1,(anonymous_0)
DA:8,1
DA:9,1
DA:20,2
LF:3
LH:3
BRF:0
BRH:0
end_of_record
TN:
SF:/Users/ingviun/VSCode/webutvikling/Prosjekt 3/it2810-webutvikling-h18-prosjekt-3-01/PIMM/components/StyledText.js
FN:5,(anonymous_0)
FNF:1
FNH:1
FNDA:1,(anonymous_0)
DA:6,1
LF:1
LH:1
BRF:0
BRH:0
end_of_record
TN:
SF:/Users/ingviun/VSCode/webutvikling/Prosjekt 3/it2810-webutvikling-h18-prosjekt-3-01/PIMM/components/TaskItem.js
FN:18,(anonymous_0)
FN:29,(anonymous_1)
FN:31,(anonymous_2)
FN:46,(anonymous_3)
FNF:4
FNH:0
FNDA:0,(anonymous_0)
FNDA:0,(anonymous_1)
FNDA:0,(anonymous_2)
FNDA:0,(anonymous_3)
DA:18,1
DA:27,0
DA:30,0
DA:32,0
DA:46,0
DA:108,1
LF:6
LH:2
BRDA:39,0,0,0
BRDA:39,0,1,0
BRDA:68,1,0,0
BRDA:68,1,1,0
BRDA:69,2,0,0
BRDA:69,2,1,0
BRDA:75,3,0,0
BRDA:75,3,1,0
BRDA:93,4,0,0
BRDA:93,4,1,0
BRF:10
BRH:0
end_of_record
TN:
SF:/Users/ingviun/VSCode/webutvikling/Prosjekt 3/it2810-webutvikling-h18-prosjekt-3-01/PIMM/components/TextIcon.js
FN:7,(anonymous_0)
FN:28,(anonymous_1)
FNF:2
FNH:1
FNDA:12,(anonymous_0)
FNDA:0,(anonymous_1)
DA:8,12
DA:10,12
DA:21,1
DA:29,0
DA:31,0
DA:46,1
LF:6
LH:4
BRDA:14,0,0,0
BRDA:14,0,1,12
BRDA:15,1,0,6
BRDA:15,1,1,6
BRDA:34,2,0,0
BRDA:34,2,1,0
BRDA:39,3,0,0
BRDA:39,3,1,0
BRDA:40,4,0,0
BRDA:40,4,1,0
BRF:10
BRH:3
end_of_record
TN:
SF:/Users/ingviun/VSCode/webutvikling/Prosjekt 3/it2810-webutvikling-h18-prosjekt-3-01/PIMM/constants/Colors.js
FNF:0
FNH:0
DA:1,2
DA:2,2
DA:3,2
DA:4,2
DA:5,2
LF:5
LH:5
BRF:0
BRH:0
end_of_record
TN:
SF:/Users/ingviun/VSCode/webutvikling/Prosjekt 3/it2810-webutvikling-h18-prosjekt-3-01/PIMM/constants/Strings.js
FNF:0
FNH:0
LF:0
LH:0
BRF:0
BRH:0
end_of_record
TN:
SF:/Users/ingviun/VSCode/webutvikling/Prosjekt 3/it2810-webutvikling-h18-prosjekt-3-01/PIMM/containers/CategorisedTasksContainer.js
FN:6,(anonymous_0)
FN:13,(anonymous_1)
FN:14,(anonymous_2)
FN:19,(anonymous_3)
FN:23,(anonymous_4)
FN:29,(anonymous_5)
FN:35,(anonymous_6)
FNF:7
FNH:0
FNDA:0,(anonymous_0)
FNDA:0,(anonymous_1)
FNDA:0,(anonymous_2)
FNDA:0,(anonymous_3)
FNDA:0,(anonymous_4)
FNDA:0,(anonymous_5)
FNDA:0,(anonymous_6)
DA:7,0
DA:8,0
DA:14,0
DA:20,0
DA:22,0
DA:24,0
DA:30,0
DA:31,0
DA:36,0
LF:9
LH:0
BRDA:9,0,0,0
BRDA:9,0,1,0
BRDA:25,1,0,0
BRDA:25,1,1,0
BRF:4
BRH:0
end_of_record
TN:
SF:/Users/ingviun/VSCode/webutvikling/Prosjekt 3/it2810-webutvikling-h18-prosjekt-3-01/PIMM/containers/ProgressBarContainer.js
FN:10,(anonymous_0)
FN:23,(anonymous_1)
FN:31,(anonymous_2)
FNF:3
FNH:0
FNDA:0,(anonymous_0)
FNDA:0,(anonymous_1)
FNDA:0,(anonymous_2)
DA:11,0
DA:20,0
DA:24,0
DA:25,0
DA:26,0
DA:28,0
DA:32,0
DA:34,0
DA:65,1
LF:9
LH:1
BRDA:25,0,0,0
BRDA:25,0,1,0
BRDA:40,1,0,0
BRDA:40,1,1,0
BRDA:52,2,0,0
BRDA:52,2,1,0
BRDA:54,3,0,0
BRDA:54,3,1,0
BRF:8
BRH:0
end_of_record
TN:
SF:/Users/ingviun/VSCode/webutvikling/Prosjekt 3/it2810-webutvikling-h18-prosjekt-3-01/PIMM/containers/StatisticsContainer.js
FN:8,(anonymous_0)
FNF:1
FNH:0
FNDA:0,(anonymous_0)
DA:9,0
DA:10,0
DA:29,1
LF:3
LH:1
BRF:0
BRH:0
end_of_record
TN:
SF:/Users/ingviun/VSCode/webutvikling/Prosjekt 3/it2810-webutvikling-h18-prosjekt-3-01/PIMM/containers/Tasks.context.js
FN:9,(anonymous_0)
FN:47,(anonymous_1)
FN:72,(anonymous_2)
FN:76,(anonymous_3)
FN:77,(anonymous_4)
FN:88,(anonymous_5)
FN:89,(anonymous_6)
FN:102,(anonymous_7)
FN:105,(anonymous_8)
FN:113,(anonymous_9)
FN:120,(anonymous_10)
FN:131,(anonymous_11)
FN:135,(anonymous_12)
FN:136,(anonymous_13)
FN:140,(anonymous_14)
FNF:15
FNH:2
FNDA:2,(anonymous_0)
FNDA:0,(anonymous_1)
FNDA:0,(anonymous_2)
FNDA:0,(anonymous_3)
FNDA:0,(anonymous_4)
FNDA:0,(anonymous_5)
FNDA:0,(anonymous_6)
FNDA:0,(anonymous_7)
FNDA:0,(anonymous_8)
FNDA:0,(anonymous_9)
FNDA:0,(anonymous_10)
FNDA:0,(anonymous_11)
FNDA:0,(anonymous_12)
FNDA:0,(anonymous_13)
FNDA:2,(anonymous_14)
DA:5,1
DA:10,2
DA:11,2
DA:48,0
DA:62,0
DA:66,0
DA:73,0
DA:77,0
DA:89,0
DA:105,0
DA:119,0
DA:120,0
DA:131,0
DA:136,0
DA:141,2
DA:162,1
LF:16
LH:5
BRDA:50,0,0,0
BRDA:50,0,1,0
BRDA:115,1,0,0
BRDA:116,2,0,0
BRDA:117,3,0,0
BRF:5
BRH:0
end_of_record
TN:
SF:/Users/ingviun/VSCode/webutvikling/Prosjekt 3/it2810-webutvikling-h18-prosjekt-3-01/PIMM/containers/Tasks.js
FN:8,(anonymous_0)
FN:11,(anonymous_1)
FNF:2
FNH:0
FNDA:0,(anonymous_0)
FNDA:0,(anonymous_1)
DA:8,1
DA:9,0
DA:12,0
DA:46,1
LF:4
LH:2
BRF:0
BRH:0
end_of_record
TN:
SF:/Users/ingviun/VSCode/webutvikling/Prosjekt 3/it2810-webutvikling-h18-prosjekt-3-01/PIMM/navigation/AppNavigator.js
FNF:0
FNH:0
DA:8,1
DA:12,1
LF:2
LH:2
BRF:0
BRH:0
end_of_record
TN:
SF:/Users/ingviun/VSCode/webutvikling/Prosjekt 3/it2810-webutvikling-h18-prosjekt-3-01/PIMM/navigation/MainTabNavigator.js
FN:19,(anonymous_0)
FN:37,(anonymous_1)
FN:55,(anonymous_2)
FNF:3
FNH:3
FNDA:4,(anonymous_0)
FNDA:4,(anonymous_1)
FNDA:4,(anonymous_2)
DA:13,1
DA:17,1
DA:20,4
DA:31,1
DA:35,1
DA:38,4
DA:49,1
DA:53,1
DA:56,4
LF:9
LH:9
BRDA:23,0,0,4
BRDA:23,0,1,0
BRDA:24,1,0,2
BRDA:24,1,1,2
BRDA:41,2,0,4
BRDA:41,2,1,0
BRDA:42,3,0,2
BRDA:42,3,1,2
BRDA:59,4,0,4
BRDA:59,4,1,0
BRDA:60,5,0,2
BRDA:60,5,1,2
BRF:12
BRH:9
end_of_record
TN:
SF:/Users/ingviun/VSCode/webutvikling/Prosjekt 3/it2810-webutvikling-h18-prosjekt-3-01/PIMM/screens/CreateTaskScreen.js
FN:7,(anonymous_0)
FN:27,(anonymous_1)
FN:35,(anonymous_2)
FNF:3
FNH:0
FNDA:0,(anonymous_0)
FNDA:0,(anonymous_1)
FNDA:0,(anonymous_2)
DA:8,0
DA:9,0
DA:28,0
DA:35,0
DA:42,1
LF:5
LH:1
BRF:0
BRH:0
end_of_record
TN:
SF:/Users/ingviun/VSCode/webutvikling/Prosjekt 3/it2810-webutvikling-h18-prosjekt-3-01/PIMM/screens/EditTaskScreen.js
FN:7,(anonymous_0)
FN:29,(anonymous_1)
FN:37,(anonymous_2)
FNF:3
FNH:0
FNDA:0,(anonymous_0)
FNDA:0,(anonymous_1)
FNDA:0,(anonymous_2)
DA:8,0
DA:9,0
DA:30,0
DA:37,0
DA:44,1
LF:5
LH:1
BRF:0
BRH:0
end_of_record
TN:
SF:/Users/ingviun/VSCode/webutvikling/Prosjekt 3/it2810-webutvikling-h18-prosjekt-3-01/PIMM/screens/SettingsScreen.js
FN:9,(anonymous_0)
FNF:1
FNH:0
FNDA:0,(anonymous_0)
DA:12,0
LF:1
LH:0
BRF:0
BRH:0
end_of_record
TN:
SF:/Users/ingviun/VSCode/webutvikling/Prosjekt 3/it2810-webutvikling-h18-prosjekt-3-01/PIMM/screens/StepScreen.js
FN:32,(anonymous_0)
FN:36,(anonymous_1)
FN:40,(anonymous_2)
FN:47,(anonymous_3)
FN:50,(anonymous_4)
FN:56,(anonymous_5)
FN:62,(anonymous_6)
FN:65,(anonymous_7)
FN:71,(anonymous_8)
FN:72,(anonymous_9)
FN:78,(anonymous_10)
FN:83,(anonymous_11)
FN:93,(anonymous_12)
FN:98,(anonymous_13)
FN:104,(anonymous_14)
FN:122,(anonymous_15)
FN:126,(anonymous_16)
FN:134,(anonymous_17)
FNF:18
FNH:0
FNDA:0,(anonymous_0)
FNDA:0,(anonymous_1)
FNDA:0,(anonymous_2)
FNDA:0,(anonymous_3)
FNDA:0,(anonymous_4)
FNDA:0,(anonymous_5)
FNDA:0,(anonymous_6)
FNDA:0,(anonymous_7)
FNDA:0,(anonymous_8)
FNDA:0,(anonymous_9)
FNDA:0,(anonymous_10)
FNDA:0,(anonymous_11)
FNDA:0,(anonymous_12)
FNDA:0,(anonymous_13)
FNDA:0,(anonymous_14)
FNDA:0,(anonymous_15)
FNDA:0,(anonymous_16)
FNDA:0,(anonymous_17)
DA:33,0
DA:37,0
DA:41,0
DA:42,0
DA:43,0
DA:44,0
DA:46,0
DA:48,0
DA:51,0
DA:57,0
DA:58,0
DA:59,0
DA:61,0
DA:63,0
DA:66,0
DA:72,0
DA:73,0
DA:74,0
DA:77,0
DA:79,0
DA:84,0
DA:89,0
DA:90,0
DA:94,0
DA:95,0
DA:99,0
DA:100,0
DA:101,0
DA:105,0
DA:123,0
DA:127,0
DA:128,0
DA:130,0
DA:135,0
DA:136,0
DA:171,0
DA:176,1
DA:201,1
LF:38
LH:2
BRDA:94,0,0,0
BRDA:94,0,1,0
BRDA:127,1,0,0
BRDA:127,1,1,0
BRDA:135,2,0,0
BRDA:135,2,1,0
BRDA:157,3,0,0
BRDA:157,3,1,0
BRF:8
BRH:0
end_of_record
TN:
SF:/Users/ingviun/VSCode/webutvikling/Prosjekt 3/it2810-webutvikling-h18-prosjekt-3-01/PIMM/screens/TasksScreen.js
FN:15,(anonymous_0)
FN:21,(anonymous_1)
FNF:2
FNH:1
FNDA:2,(anonymous_0)
FNDA:0,(anonymous_1)
DA:16,2
DA:21,0
DA:28,1
LF:3
LH:2
BRF:0
BRH:0
end_of_record
